<?xml version="1.0" encoding="UTF-8"?>
<!-- Generated by org.testng.reporters.JUnitReportReporter -->
<testsuite hostname="Nav" failures="0" tests="1" name="com.demoqa.Tests.UploadsDownloadsTest" time="8.427" errors="0" timestamp="2023-02-05T02:07:11 EST" skipped="0">
  <testcase classname="com.demoqa.Tests.UploadsDownloadsTest" name="verifyUserIsAbleTODownloadFile" time="8.427"/>
  <system-out/>
</testsuite> <!-- com.demoqa.Tests.UploadsDownloadsTest -->
