<?xml version="1.0" encoding="UTF-8"?>
<!-- Generated by org.testng.reporters.JUnitReportReporter -->
<testsuite hostname="Nav" failures="0" tests="1" name="com.demoqa.Tests.UploadsDownloadsTest" time="23.040" errors="0" timestamp="2023-01-26T11:29:54 EST" skipped="0">
  <testcase classname="com.demoqa.Tests.UploadsDownloadsTest" name="verifyUserIsAbleTODownloadFile" time="23.040"/>
  <system-out/>
</testsuite> <!-- com.demoqa.Tests.UploadsDownloadsTest -->
