<?xml version="1.0" encoding="UTF-8"?>
<!-- Generated by org.testng.reporters.JUnitReportReporter -->
<testsuite hostname="Nav" failures="0" tests="1" name="com.demoqa.Tests.UploadsDownloadsTest" time="7.604" errors="0" timestamp="2023-01-14T18:57:48 EST" skipped="0">
  <testcase classname="com.demoqa.Tests.UploadsDownloadsTest" name="verifyUserIsAbleTODownloadFile" time="7.604"/>
  <system-out/>
</testsuite> <!-- com.demoqa.Tests.UploadsDownloadsTest -->
