<?xml version="1.0" encoding="UTF-8"?>
<!-- Generated by org.testng.reporters.JUnitReportReporter -->
<testsuite hostname="Nav" failures="0" tests="2" name="com.demoqa.Tests.UploadsDownloadsTest" time="43.437" errors="0" timestamp="2023-01-26T21:21:59 EST" skipped="0">
  <testcase classname="com.demoqa.Tests.UploadsDownloadsTest" name="verifyUserIsAbleTODownloadFile" time="23.845"/>
  <system-out/>
  <testcase classname="com.demoqa.Tests.UploadsDownloadsTest" name="verifyuploadFunctionality" time="19.592"/>
  <system-out/>
</testsuite> <!-- com.demoqa.Tests.UploadsDownloadsTest -->
